<?xml version="1.0" encoding="UTF-8"?>
<!-- Generated by org.testng.reporters.JUnitReportReporter -->
<testsuite hostname="DESKTOP-JK7GV5B" failures="0" tests="1" name="testCases.TC_001_AccountRegistration" time="3.960" errors="0" timestamp="2022-09-01T11:30:10 IST" skipped="0">
  <testcase classname="testCases.TC_001_AccountRegistration" name="test_account_Registration" time="3.960"/>
  <system-out/>
</testsuite> <!-- testCases.TC_001_AccountRegistration -->
